c:\users\tcherms\desktop\opengl\openglengine\gurmnchermengine\commonlib\debug\commonlib.pdb
c:\users\tcherms\desktop\opengl\openglengine\gurmnchermengine\commonlib\debug\commonlib.idb
c:\users\tcherms\desktop\opengl\openglengine\gurmnchermengine\commonlib\debug\camera.obj
c:\users\tcherms\desktop\opengl\openglengine\gurmnchermengine\commonlib\debug\color.obj
c:\users\tcherms\desktop\opengl\openglengine\gurmnchermengine\commonlib\debug\event.obj
c:\users\tcherms\desktop\opengl\openglengine\gurmnchermengine\commonlib\debug\eventlistener.obj
c:\users\tcherms\desktop\opengl\openglengine\gurmnchermengine\commonlib\debug\eventsystem.obj
c:\users\tcherms\desktop\opengl\openglengine\gurmnchermengine\commonlib\debug\game.obj
c:\users\tcherms\desktop\opengl\openglengine\gurmnchermengine\commonlib\debug\graphics.obj
c:\users\tcherms\desktop\opengl\openglengine\gurmnchermengine\commonlib\debug\image.obj
c:\users\tcherms\desktop\opengl\openglengine\gurmnchermengine\commonlib\debug\mesh.obj
c:\users\tcherms\desktop\opengl\openglengine\gurmnchermengine\commonlib\debug\objloader.obj
c:\users\tcherms\desktop\opengl\openglengine\gurmnchermengine\commonlib\debug\shader.obj
c:\users\tcherms\desktop\opengl\openglengine\gurmnchermengine\commonlib\debug\skybox.obj
c:\users\tcherms\desktop\opengl\openglengine\gurmnchermengine\commonlib\debug\texture.obj
c:\users\tcherms\desktop\opengl\openglengine\gurmnchermengine\commonlib\debug\transform.obj
c:\users\tcherms\desktop\opengl\openglengine\gurmnchermengine\commonlib\debug\commonlib.lib
c:\users\tcherms\desktop\opengl\openglengine\gurmnchermengine\commonlib\debug\commonlib.tlog\cl.command.1.tlog
c:\users\tcherms\desktop\opengl\openglengine\gurmnchermengine\commonlib\debug\commonlib.tlog\cl.read.1.tlog
c:\users\tcherms\desktop\opengl\openglengine\gurmnchermengine\commonlib\debug\commonlib.tlog\cl.write.1.tlog
c:\users\tcherms\desktop\opengl\openglengine\gurmnchermengine\commonlib\debug\commonlib.tlog\lib-link.read.1.tlog
c:\users\tcherms\desktop\opengl\openglengine\gurmnchermengine\commonlib\debug\commonlib.tlog\lib-link.write.1.tlog
c:\users\tcherms\desktop\opengl\openglengine\gurmnchermengine\commonlib\debug\commonlib.tlog\lib.command.1.tlog
