  Transform.cpp
  Texture.cpp
c:\program files (x86)\windows kits\8.1\include\shared\minwindef.h(130): warning C4005: 'APIENTRY': macro redefinition
  c:\users\tcherms\desktop\test\openglengine\libraries\glfw-3.2.1\include\glfw\glfw3.h(98): note: see previous definition of 'APIENTRY'
  SkyBox.cpp
  Shader.cpp
c:\program files (x86)\windows kits\8.1\include\shared\minwindef.h(130): warning C4005: 'APIENTRY': macro redefinition
  c:\users\tcherms\desktop\test\openglengine\libraries\glfw-3.2.1\include\glfw\glfw3.h(98): note: see previous definition of 'APIENTRY'
  ObjLoader.cpp
c:\users\tcherms\desktop\test\openglengine\openglengine\gurmnchermengine\commonlib\objloader.cpp(378): warning C4244: 'return': conversion from 'double' to 'float', possible loss of data
  Mesh.cpp
  Image.cpp
c:\program files (x86)\windows kits\8.1\include\shared\minwindef.h(130): warning C4005: 'APIENTRY': macro redefinition
  c:\users\tcherms\desktop\test\openglengine\libraries\glfw-3.2.1\include\glfw\glfw3.h(98): note: see previous definition of 'APIENTRY'
  Graphics.cpp
c:\program files (x86)\windows kits\8.1\include\shared\minwindef.h(130): warning C4005: 'APIENTRY': macro redefinition
  c:\users\tcherms\desktop\test\openglengine\libraries\glfw-3.2.1\include\glfw\glfw3.h(98): note: see previous definition of 'APIENTRY'
c:\users\tcherms\desktop\test\openglengine\openglengine\gurmnchermengine\commonlib\graphics.cpp(18): warning C4244: '=': conversion from 'int' to 'GLfloat', possible loss of data
c:\users\tcherms\desktop\test\openglengine\openglengine\gurmnchermengine\commonlib\graphics.cpp(19): warning C4244: '=': conversion from 'int' to 'GLfloat', possible loss of data
c:\users\tcherms\desktop\test\openglengine\openglengine\gurmnchermengine\commonlib\graphics.cpp(64): warning C4305: 'initializing': truncation from 'double' to 'float'
c:\users\tcherms\desktop\test\openglengine\openglengine\gurmnchermengine\commonlib\graphics.cpp(212): warning C4244: 'argument': conversion from 'double' to 'GLfloat', possible loss of data
c:\users\tcherms\desktop\test\openglengine\openglengine\gurmnchermengine\commonlib\graphics.cpp(213): warning C4244: 'argument': conversion from 'double' to 'GLfloat', possible loss of data
c:\users\tcherms\desktop\test\openglengine\openglengine\gurmnchermengine\commonlib\graphics.cpp(217): warning C4244: 'initializing': conversion from 'double' to 'GLfloat', possible loss of data
c:\users\tcherms\desktop\test\openglengine\openglengine\gurmnchermengine\commonlib\graphics.cpp(218): warning C4244: 'initializing': conversion from 'double' to 'GLfloat', possible loss of data
c:\users\tcherms\desktop\test\openglengine\openglengine\gurmnchermengine\commonlib\graphics.cpp(219): warning C4244: 'argument': conversion from 'double' to 'GLfloat', possible loss of data
c:\users\tcherms\desktop\test\openglengine\openglengine\gurmnchermengine\commonlib\graphics.cpp(220): warning C4244: 'argument': conversion from 'double' to 'GLfloat', possible loss of data
  Game.cpp
c:\program files (x86)\windows kits\8.1\include\shared\minwindef.h(130): warning C4005: 'APIENTRY': macro redefinition
  c:\users\tcherms\desktop\test\openglengine\libraries\glfw-3.2.1\include\glfw\glfw3.h(98): note: see previous definition of 'APIENTRY'
c:\users\tcherms\desktop\test\openglengine\openglengine\gurmnchermengine\commonlib\game.cpp(44): warning C4244: 'argument': conversion from 'int' to 'float', possible loss of data
  EventSystem.cpp
  EventListener.cpp
  Event.cpp
  Color.cpp
  Camera.cpp
  Generating Code...
  CommonLib.vcxproj -> C:\Users\tcherms\Desktop\test\OpenGLEngine\OpenGLEngine\GurmNChermEngine\CommonLib\Debug\CommonLib.lib
