CommonLib.lib(Graphics.obj) : error LNK2019: unresolved external symbol __imp_glClear referenced in function "public: void __cdecl Graphics::clear(void)" (?clear@Graphics@@QEAAXXZ)
CommonLib.lib(Graphics.obj) : error LNK2019: unresolved external symbol __imp_glCullFace referenced in function "public: void __cdecl Graphics::setup(int,int,class std::basic_string<char,struct std::char_traits<char>,class std::allocator<char> >)" (?setup@Graphics@@QEAAXHHV?$basic_string@DU?$char_traits@D@std@@V?$allocator@D@2@@std@@@Z)
CommonLib.lib(Graphics.obj) : error LNK2019: unresolved external symbol __imp_glEnable referenced in function "public: void __cdecl Graphics::setup(int,int,class std::basic_string<char,struct std::char_traits<char>,class std::allocator<char> >)" (?setup@Graphics@@QEAAXHHV?$basic_string@DU?$char_traits@D@std@@V?$allocator@D@2@@std@@@Z)
CommonLib.lib(Graphics.obj) : error LNK2019: unresolved external symbol __imp_glewInit referenced in function "public: void __cdecl Graphics::setup(int,int,class std::basic_string<char,struct std::char_traits<char>,class std::allocator<char> >)" (?setup@Graphics@@QEAAXHHV?$basic_string@DU?$char_traits@D@std@@V?$allocator@D@2@@std@@@Z)
CommonLib.lib(Graphics.obj) : error LNK2019: unresolved external symbol glfwInit referenced in function "public: void __cdecl Graphics::setup(int,int,class std::basic_string<char,struct std::char_traits<char>,class std::allocator<char> >)" (?setup@Graphics@@QEAAXHHV?$basic_string@DU?$char_traits@D@std@@V?$allocator@D@2@@std@@@Z)
CommonLib.lib(Graphics.obj) : error LNK2019: unresolved external symbol glfwTerminate referenced in function "public: void __cdecl Graphics::setup(int,int,class std::basic_string<char,struct std::char_traits<char>,class std::allocator<char> >)" (?setup@Graphics@@QEAAXHHV?$basic_string@DU?$char_traits@D@std@@V?$allocator@D@2@@std@@@Z)
CommonLib.lib(Graphics.obj) : error LNK2019: unresolved external symbol glfwCreateWindow referenced in function "public: void __cdecl Graphics::setup(int,int,class std::basic_string<char,struct std::char_traits<char>,class std::allocator<char> >)" (?setup@Graphics@@QEAAXHHV?$basic_string@DU?$char_traits@D@std@@V?$allocator@D@2@@std@@@Z)
CommonLib.lib(Graphics.obj) : error LNK2019: unresolved external symbol glfwWindowShouldClose referenced in function "public: bool __cdecl Graphics::isWindowOpen(void)" (?isWindowOpen@Graphics@@QEAA_NXZ)
CommonLib.lib(Graphics.obj) : error LNK2019: unresolved external symbol glfwSetWindowTitle referenced in function "public: void __cdecl Graphics::setWindowTitle(class std::basic_string<char,struct std::char_traits<char>,class std::allocator<char> >)" (?setWindowTitle@Graphics@@QEAAXV?$basic_string@DU?$char_traits@D@std@@V?$allocator@D@2@@std@@@Z)
CommonLib.lib(Graphics.obj) : error LNK2019: unresolved external symbol glfwSetWindowSize referenced in function "public: void __cdecl Graphics::setWindowSize(int,int)" (?setWindowSize@Graphics@@QEAAXHH@Z)
CommonLib.lib(Graphics.obj) : error LNK2019: unresolved external symbol glfwPollEvents referenced in function "public: void __cdecl Graphics::pollEvents(void)" (?pollEvents@Graphics@@QEAAXXZ)
CommonLib.lib(Graphics.obj) : error LNK2019: unresolved external symbol glfwSetInputMode referenced in function "public: void __cdecl Graphics::setup(int,int,class std::basic_string<char,struct std::char_traits<char>,class std::allocator<char> >)" (?setup@Graphics@@QEAAXHHV?$basic_string@DU?$char_traits@D@std@@V?$allocator@D@2@@std@@@Z)
CommonLib.lib(Graphics.obj) : error LNK2019: unresolved external symbol glfwGetKey referenced in function "public: bool __cdecl Graphics::exitWindow(void)" (?exitWindow@Graphics@@QEAA_NXZ)
CommonLib.lib(Graphics.obj) : error LNK2019: unresolved external symbol glfwSetCursorPosCallback referenced in function "public: void __cdecl Graphics::setup(int,int,class std::basic_string<char,struct std::char_traits<char>,class std::allocator<char> >)" (?setup@Graphics@@QEAAXHHV?$basic_string@DU?$char_traits@D@std@@V?$allocator@D@2@@std@@@Z)
CommonLib.lib(Graphics.obj) : error LNK2019: unresolved external symbol glfwMakeContextCurrent referenced in function "public: void __cdecl Graphics::setup(int,int,class std::basic_string<char,struct std::char_traits<char>,class std::allocator<char> >)" (?setup@Graphics@@QEAAXHHV?$basic_string@DU?$char_traits@D@std@@V?$allocator@D@2@@std@@@Z)
CommonLib.lib(Graphics.obj) : error LNK2019: unresolved external symbol glfwSwapBuffers referenced in function "public: void __cdecl Graphics::flip(void)" (?flip@Graphics@@QEAAXXZ)
CommonLib.lib(Graphics.obj) : error LNK2001: unresolved external symbol __imp_glewExperimental
CommonLib.lib(SkyBox.obj) : error LNK2019: unresolved external symbol __imp_FreeImage_Unload referenced in function "public: void __cdecl SkyBox::loadTexture(char const *)" (?loadTexture@SkyBox@@QEAAXPEBD@Z)
CommonLib.lib(Texture.obj) : error LNK2001: unresolved external symbol __imp_FreeImage_Unload
CommonLib.lib(SkyBox.obj) : error LNK2019: unresolved external symbol __imp_FreeImage_Load referenced in function "public: void __cdecl SkyBox::loadTexture(char const *)" (?loadTexture@SkyBox@@QEAAXPEBD@Z)
CommonLib.lib(Texture.obj) : error LNK2001: unresolved external symbol __imp_FreeImage_Load
CommonLib.lib(SkyBox.obj) : error LNK2019: unresolved external symbol __imp_FreeImage_GetFileType referenced in function "public: void __cdecl SkyBox::loadTexture(char const *)" (?loadTexture@SkyBox@@QEAAXPEBD@Z)
CommonLib.lib(Texture.obj) : error LNK2001: unresolved external symbol __imp_FreeImage_GetFileType
CommonLib.lib(SkyBox.obj) : error LNK2019: unresolved external symbol __imp_FreeImage_GetBits referenced in function "public: void __cdecl SkyBox::loadTexture(char const *)" (?loadTexture@SkyBox@@QEAAXPEBD@Z)
CommonLib.lib(Texture.obj) : error LNK2001: unresolved external symbol __imp_FreeImage_GetBits
CommonLib.lib(SkyBox.obj) : error LNK2019: unresolved external symbol __imp_FreeImage_GetWidth referenced in function "public: void __cdecl SkyBox::loadTexture(char const *)" (?loadTexture@SkyBox@@QEAAXPEBD@Z)
CommonLib.lib(Texture.obj) : error LNK2001: unresolved external symbol __imp_FreeImage_GetWidth
CommonLib.lib(SkyBox.obj) : error LNK2019: unresolved external symbol __imp_FreeImage_GetHeight referenced in function "public: void __cdecl SkyBox::loadTexture(char const *)" (?loadTexture@SkyBox@@QEAAXPEBD@Z)
CommonLib.lib(Texture.obj) : error LNK2001: unresolved external symbol __imp_FreeImage_GetHeight
CommonLib.lib(SkyBox.obj) : error LNK2019: unresolved external symbol __imp_FreeImage_ConvertTo32Bits referenced in function "public: void __cdecl SkyBox::loadTexture(char const *)" (?loadTexture@SkyBox@@QEAAXPEBD@Z)
CommonLib.lib(Texture.obj) : error LNK2001: unresolved external symbol __imp_FreeImage_ConvertTo32Bits
CommonLib.lib(SkyBox.obj) : error LNK2019: unresolved external symbol __imp_glBindTexture referenced in function "public: void __cdecl SkyBox::draw(class Camera)" (?draw@SkyBox@@QEAAXVCamera@@@Z)
CommonLib.lib(Texture.obj) : error LNK2001: unresolved external symbol __imp_glBindTexture
CommonLib.lib(SkyBox.obj) : error LNK2019: unresolved external symbol __imp_glGenTextures referenced in function "public: void __cdecl SkyBox::loadTexture(char const *)" (?loadTexture@SkyBox@@QEAAXPEBD@Z)
CommonLib.lib(Texture.obj) : error LNK2001: unresolved external symbol __imp_glGenTextures
CommonLib.lib(SkyBox.obj) : error LNK2019: unresolved external symbol __imp_glTexImage2D referenced in function "public: void __cdecl SkyBox::loadTexture(char const *)" (?loadTexture@SkyBox@@QEAAXPEBD@Z)
CommonLib.lib(Texture.obj) : error LNK2001: unresolved external symbol __imp_glTexImage2D
CommonLib.lib(SkyBox.obj) : error LNK2019: unresolved external symbol __imp_glTexParameteri referenced in function "public: void __cdecl SkyBox::loadTexture(char const *)" (?loadTexture@SkyBox@@QEAAXPEBD@Z)
CommonLib.lib(Texture.obj) : error LNK2001: unresolved external symbol __imp_glTexParameteri
CommonLib.lib(SkyBox.obj) : error LNK2001: unresolved external symbol __imp___glewActiveTexture
CommonLib.lib(Texture.obj) : error LNK2001: unresolved external symbol __imp___glewActiveTexture
CommonLib.lib(SkyBox.obj) : error LNK2001: unresolved external symbol __imp___glewGetUniformLocation
CommonLib.lib(Shader.obj) : error LNK2001: unresolved external symbol __imp___glewGetUniformLocation
CommonLib.lib(SkyBox.obj) : error LNK2001: unresolved external symbol __imp___glewUniformMatrix4fv
CommonLib.lib(Shader.obj) : error LNK2001: unresolved external symbol __imp___glewUniformMatrix4fv
CommonLib.lib(Shader.obj) : error LNK2019: unresolved external symbol __imp_glDepthMask referenced in function "public: void __cdecl Shader::update(class Transform const &,class Camera const &)" (?update@Shader@@QEAAXAEBVTransform@@AEBVCamera@@@Z)
CommonLib.lib(Shader.obj) : error LNK2001: unresolved external symbol __imp___glewAttachShader
CommonLib.lib(Shader.obj) : error LNK2001: unresolved external symbol __imp___glewBindAttribLocation
CommonLib.lib(Shader.obj) : error LNK2001: unresolved external symbol __imp___glewCompileShader
CommonLib.lib(Shader.obj) : error LNK2001: unresolved external symbol __imp___glewCreateProgram
CommonLib.lib(Shader.obj) : error LNK2001: unresolved external symbol __imp___glewCreateShader
CommonLib.lib(Shader.obj) : error LNK2001: unresolved external symbol __imp___glewDeleteProgram
CommonLib.lib(Shader.obj) : error LNK2001: unresolved external symbol __imp___glewDeleteShader
CommonLib.lib(Shader.obj) : error LNK2001: unresolved external symbol __imp___glewDetachShader
CommonLib.lib(Shader.obj) : error LNK2001: unresolved external symbol __imp___glewGetProgramInfoLog
CommonLib.lib(Shader.obj) : error LNK2001: unresolved external symbol __imp___glewGetProgramiv
CommonLib.lib(Shader.obj) : error LNK2001: unresolved external symbol __imp___glewGetShaderInfoLog
CommonLib.lib(Shader.obj) : error LNK2001: unresolved external symbol __imp___glewGetShaderiv
CommonLib.lib(Shader.obj) : error LNK2001: unresolved external symbol __imp___glewLinkProgram
CommonLib.lib(Shader.obj) : error LNK2001: unresolved external symbol __imp___glewShaderSource
CommonLib.lib(Shader.obj) : error LNK2001: unresolved external symbol __imp___glewUseProgram
CommonLib.lib(Shader.obj) : error LNK2001: unresolved external symbol __imp___glewValidateProgram
CommonLib.lib(Mesh.obj) : error LNK2019: unresolved external symbol __imp_glDrawElements referenced in function "public: void __cdecl Mesh::draw(void)" (?draw@Mesh@@QEAAXXZ)
CommonLib.lib(Mesh.obj) : error LNK2001: unresolved external symbol __imp___glewBindBuffer
CommonLib.lib(Mesh.obj) : error LNK2001: unresolved external symbol __imp___glewBufferData
CommonLib.lib(Mesh.obj) : error LNK2001: unresolved external symbol __imp___glewGenBuffers
CommonLib.lib(Mesh.obj) : error LNK2001: unresolved external symbol __imp___glewEnableVertexAttribArray
CommonLib.lib(Mesh.obj) : error LNK2001: unresolved external symbol __imp___glewVertexAttribPointer
CommonLib.lib(Mesh.obj) : error LNK2001: unresolved external symbol __imp___glewBindVertexArray
CommonLib.lib(Mesh.obj) : error LNK2001: unresolved external symbol __imp___glewDeleteVertexArrays
CommonLib.lib(Mesh.obj) : error LNK2001: unresolved external symbol __imp___glewGenVertexArrays
CommonLib.lib(Texture.obj) : error LNK2019: unresolved external symbol __imp_glDeleteTextures referenced in function "public: __cdecl Texture::~Texture(void)" (??1Texture@@QEAA@XZ)
CommonLib.lib(Texture.obj) : error LNK2019: unresolved external symbol __imp_glTexParameterf referenced in function "public: void __cdecl Texture::genNormal(char const *)" (?genNormal@Texture@@QEAAXPEBD@Z)
..\..\..\Libraries\FreeImage\Dist\x32\FreeImage.lib : warning LNK4272: library machine type 'X86' conflicts with target machine type 'x64'
..\..\..\Libraries\glew-2.0.0\lib\Release\Win32\glew32.lib : warning LNK4272: library machine type 'X86' conflicts with target machine type 'x64'
..\..\..\Libraries\glew-2.0.0\lib\Release\Win32\glew32s.lib : warning LNK4272: library machine type 'X86' conflicts with target machine type 'x64'
..\..\..\Libraries\glfw-3.2.1\lib-vc2015\glfw3.lib : warning LNK4272: library machine type 'X86' conflicts with target machine type 'x64'
..\..\..\Libraries\glfw-3.2.1\lib-vc2015\glfw3dll.lib : warning LNK4272: library machine type 'X86' conflicts with target machine type 'x64'
..\..\..\Libraries\RaknetFiles\Libs\Debug\RakNet.lib : warning LNK4272: library machine type 'X86' conflicts with target machine type 'x64'
C:\Users\tcherms\Desktop\OpenGL\Engine\OpenGLEngine\GurmNChermEngine\x64\Debug\GurmNChermEngine.exe : fatal error LNK1120: 59 unresolved externals
