  Skipping... (no relevant changes detected)
  SteeringComponent.cpp
  Steering.cpp
  SeparationSteering.cpp
  Message_UpdateFlocking.cpp
  FlockSteering.cpp
  ComponentManager.cpp
  CohesionSteering.cpp
  AlignmentSteering.cpp
LINK : warning LNK4098: defaultlib 'MSVCRT' conflicts with use of other libs; use /NODEFAULTLIB:library
RakNet.lib(BitStream.obj) : warning LNK4099: PDB 'RakNet.pdb' was not found with 'RakNet.lib(BitStream.obj)' or at 'C:\Users\tcherms\Desktop\RepoTemo\OpenGLEngine\MemeLib\Debug\RakNet.pdb'; linking object as if no debug info
RakNet.lib(DS_HuffmanEncodingTree.obj) : warning LNK4099: PDB 'RakNet.pdb' was not found with 'RakNet.lib(DS_HuffmanEncodingTree.obj)' or at 'C:\Users\tcherms\Desktop\RepoTemo\OpenGLEngine\MemeLib\Debug\RakNet.pdb'; linking object as if no debug info
RakNet.lib(GetTime.obj) : warning LNK4099: PDB 'RakNet.pdb' was not found with 'RakNet.lib(GetTime.obj)' or at 'C:\Users\tcherms\Desktop\RepoTemo\OpenGLEngine\MemeLib\Debug\RakNet.pdb'; linking object as if no debug info
RakNet.lib(Itoa.obj) : warning LNK4099: PDB 'RakNet.pdb' was not found with 'RakNet.lib(Itoa.obj)' or at 'C:\Users\tcherms\Desktop\RepoTemo\OpenGLEngine\MemeLib\Debug\RakNet.pdb'; linking object as if no debug info
RakNet.lib(LocklessTypes.obj) : warning LNK4099: PDB 'RakNet.pdb' was not found with 'RakNet.lib(LocklessTypes.obj)' or at 'C:\Users\tcherms\Desktop\RepoTemo\OpenGLEngine\MemeLib\Debug\RakNet.pdb'; linking object as if no debug info
RakNet.lib(RakMemoryOverride.obj) : warning LNK4099: PDB 'RakNet.pdb' was not found with 'RakNet.lib(RakMemoryOverride.obj)' or at 'C:\Users\tcherms\Desktop\RepoTemo\OpenGLEngine\MemeLib\Debug\RakNet.pdb'; linking object as if no debug info
RakNet.lib(RakNetSocket2.obj) : warning LNK4099: PDB 'RakNet.pdb' was not found with 'RakNet.lib(RakNetSocket2.obj)' or at 'C:\Users\tcherms\Desktop\RepoTemo\OpenGLEngine\MemeLib\Debug\RakNet.pdb'; linking object as if no debug info
RakNet.lib(RakNetTypes.obj) : warning LNK4099: PDB 'RakNet.pdb' was not found with 'RakNet.lib(RakNetTypes.obj)' or at 'C:\Users\tcherms\Desktop\RepoTemo\OpenGLEngine\MemeLib\Debug\RakNet.pdb'; linking object as if no debug info
RakNet.lib(RakSleep.obj) : warning LNK4099: PDB 'RakNet.pdb' was not found with 'RakNet.lib(RakSleep.obj)' or at 'C:\Users\tcherms\Desktop\RepoTemo\OpenGLEngine\MemeLib\Debug\RakNet.pdb'; linking object as if no debug info
RakNet.lib(RakString.obj) : warning LNK4099: PDB 'RakNet.pdb' was not found with 'RakNet.lib(RakString.obj)' or at 'C:\Users\tcherms\Desktop\RepoTemo\OpenGLEngine\MemeLib\Debug\RakNet.pdb'; linking object as if no debug info
RakNet.lib(RakThread.obj) : warning LNK4099: PDB 'RakNet.pdb' was not found with 'RakNet.lib(RakThread.obj)' or at 'C:\Users\tcherms\Desktop\RepoTemo\OpenGLEngine\MemeLib\Debug\RakNet.pdb'; linking object as if no debug info
RakNet.lib(SimpleMutex.obj) : warning LNK4099: PDB 'RakNet.pdb' was not found with 'RakNet.lib(SimpleMutex.obj)' or at 'C:\Users\tcherms\Desktop\RepoTemo\OpenGLEngine\MemeLib\Debug\RakNet.pdb'; linking object as if no debug info
RakNet.lib(StringCompressor.obj) : warning LNK4099: PDB 'RakNet.pdb' was not found with 'RakNet.lib(StringCompressor.obj)' or at 'C:\Users\tcherms\Desktop\RepoTemo\OpenGLEngine\MemeLib\Debug\RakNet.pdb'; linking object as if no debug info
RakNet.lib(SuperFastHash.obj) : warning LNK4099: PDB 'RakNet.pdb' was not found with 'RakNet.lib(SuperFastHash.obj)' or at 'C:\Users\tcherms\Desktop\RepoTemo\OpenGLEngine\MemeLib\Debug\RakNet.pdb'; linking object as if no debug info
  MemeLib-Game.vcxproj -> C:\Users\tcherms\Desktop\RepoTemo\OpenGLEngine\MemeLib\Debug\MemeLib-Game.exe
  MemeLib-Game.vcxproj -> C:\Users\tcherms\Desktop\RepoTemo\OpenGLEngine\MemeLib\Debug\MemeLib-Game.pdb (Partial PDB)
